

times in msec
 clock   self+sourced   self:  sourced script
 clock   elapsed:              other lines

000.004  000.004: --- NVIM STARTING ---
000.064  000.059: event init
000.121  000.058: early init
000.158  000.036: locale set
000.180  000.022: init first window
000.361  000.182: inits 1
000.367  000.006: window checked
000.369  000.002: parsing arguments
000.625  000.038  000.038: require('vim.shared')
000.683  000.021  000.021: require('vim._meta')
000.684  000.058  000.036: require('vim._editor')
000.685  000.116  000.020: require('vim._init_packages')
000.686  000.201: init lua interpreter
000.707  000.021: expanding arguments
000.727  000.020: inits 2
000.889  000.163: init highlight
000.890  000.001: waiting for UI
001.708  000.818: done waiting for UI
001.735  000.028: clear screen
001.934  000.199: init default mappings
001.945  000.011: init default autocommands
002.479  000.036  000.036: sourcing /usr/local/share/nvim/runtime/ftplugin.vim
002.582  000.015  000.015: sourcing /usr/local/share/nvim/runtime/indent.vim
006.881  004.231  004.231: require('impatient')
007.043  000.023  000.023: require('packer.util')
007.131  000.209  000.185: require('packer')
007.205  000.072  000.072: require('packer.log')
007.282  000.025  000.025: require('packer.async')
007.359  000.027  000.027: require('packer.result')
007.361  000.078  000.051: require('packer.jobs')
007.364  000.144  000.040: require('packer.plugin_utils')
007.410  000.041  000.041: require('packer.snapshot')
007.486  000.603  000.138: require('plugins')
007.582  000.095  000.095: require('sfdx')
007.672  005.057  000.128: sourcing /home/ethansargent/.config/nvim/init.lua
007.678  000.625: sourcing vimrc file(s)
007.927  000.008  000.008: sourcing /home/ethansargent/.local/share/nvim/site/pack/packer/start/LuaSnip/ftdetect/snippets.vim
008.035  000.004  000.004: sourcing /home/ethansargent/.local/share/nvim/site/pack/packer/start/vim-fugitive/ftdetect/fugitive.vim
008.060  000.009  000.009: sourcing /home/ethansargent/.local/share/nvim/site/pack/packer/start/vim-just/ftdetect/just.vim
008.232  000.373  000.352: sourcing /usr/local/share/nvim/runtime/filetype.lua
008.247  000.007  000.007: sourcing /usr/local/share/nvim/runtime/filetype.vim
008.415  000.049  000.049: sourcing /usr/local/share/nvim/runtime/syntax/synload.vim
008.493  000.208  000.159: sourcing /usr/local/share/nvim/runtime/syntax/syntax.vim
008.966  000.082  000.082: sourcing /usr/local/share/nvim/runtime/plugin/gzip.vim
008.977  000.004  000.004: sourcing /usr/local/share/nvim/runtime/plugin/health.vim
009.187  000.093  000.093: sourcing /usr/local/share/nvim/runtime/pack/dist/opt/matchit/plugin/matchit.vim
009.230  000.247  000.154: sourcing /usr/local/share/nvim/runtime/plugin/matchit.vim
009.317  000.081  000.081: sourcing /usr/local/share/nvim/runtime/plugin/matchparen.vim
009.511  000.187  000.187: sourcing /usr/local/share/nvim/runtime/plugin/netrwPlugin.vim
009.598  000.004  000.004: sourcing /home/ethansargent/.local/share/nvim/rplugin.vim
009.602  000.079  000.075: sourcing /usr/local/share/nvim/runtime/plugin/rplugin.vim
009.642  000.034  000.034: sourcing /usr/local/share/nvim/runtime/plugin/shada.vim
009.663  000.011  000.011: sourcing /usr/local/share/nvim/runtime/plugin/spellfile.vim
009.731  000.059  000.059: sourcing /usr/local/share/nvim/runtime/plugin/tarPlugin.vim
009.781  000.039  000.039: sourcing /usr/local/share/nvim/runtime/plugin/tohtml.vim
009.798  000.008  000.008: sourcing /usr/local/share/nvim/runtime/plugin/tutor.vim
009.885  000.080  000.080: sourcing /usr/local/share/nvim/runtime/plugin/zipPlugin.vim
010.194  000.047  000.047: require('nvim-surround.config')
010.199  000.090  000.043: require('nvim-surround.buffer')
010.218  000.018  000.018: require('nvim-surround.cache')
010.271  000.017  000.017: require('nvim-surround.patterns')
010.273  000.054  000.037: require('nvim-surround.utils')
010.276  000.206  000.044: require('nvim-surround')
010.396  000.004  000.004: require('vim.keymap')
010.766  000.003  000.003: require('vim.F')
010.776  000.065  000.062: require('alpha.themes.dashboard')
010.875  000.081  000.081: require('alpha')
010.894  000.205  000.058: require('config.alpha')
011.076  000.015  000.015: require('vim.treesitter.language')
011.081  000.045  000.031: require('vim.treesitter.query')
011.108  000.026  000.026: require('vim.treesitter.languagetree')
011.129  000.117  000.046: require('vim.treesitter')
011.221  000.302  000.185: require('nvim-treesitter.parsers')
011.445  000.031  000.031: require('nvim-treesitter.utils')
011.450  000.138  000.107: require('nvim-treesitter.ts_utils')
011.453  000.174  000.036: require('nvim-treesitter.tsrange')
011.471  000.017  000.017: require('nvim-treesitter.caching')
011.478  000.221  000.030: require('nvim-treesitter.query')
011.487  000.265  000.043: require('nvim-treesitter.configs')
011.608  000.026  000.026: require('vim.treesitter.highlighter')
011.637  000.099  000.072: require('treesitter-context')
011.882  000.986  000.320: require('config.treesitter')
012.040  000.025  000.025: require('trouble.config')
012.042  000.049  000.024: require('trouble.util')
012.062  000.019  000.019: require('trouble.providers.qf')
012.094  000.031  000.031: require('trouble.providers.telescope')
012.258  000.040  000.040: require('vim.lsp.log')
012.715  000.456  000.456: require('vim.lsp.protocol')
012.828  000.048  000.048: require('vim.lsp._snippet')
012.866  000.037  000.037: require('vim.highlight')
012.876  000.159  000.075: require('vim.lsp.util')
012.882  000.697  000.041: require('vim.lsp.handlers')
012.935  000.052  000.052: require('vim.lsp.rpc')
012.954  000.018  000.018: require('vim.lsp.sync')
012.987  000.032  000.032: require('vim.lsp.buf')
013.007  000.019  000.019: require('vim.lsp.diagnostic')
013.028  000.020  000.020: require('vim.lsp.codelens')
013.109  000.998  000.161: require('vim.lsp')
013.111  001.016  000.019: require('trouble.providers.lsp')
013.131  000.019  000.019: require('trouble.providers.diagnostic')
013.133  001.156  000.022: require('trouble.providers')
013.151  000.017  000.017: require('trouble.text')
013.166  000.014  000.014: require('trouble.folds')
013.169  001.209  000.022: require('trouble.renderer')
013.177  001.247  000.037: require('trouble.view')
013.199  000.021  000.021: require('trouble.colors')
013.512  000.293  000.293: require('vim.diagnostic')
013.529  001.624  000.063: require('trouble')
013.623  001.738  000.114: require('config.trouble')
013.694  000.019  000.019: require('lualine_require')
013.860  000.212  000.194: require('lualine')
014.919  000.040  000.040: require('tokyonight.treesitter')
014.923  000.066  000.026: require('tokyonight.util')
014.925  000.098  000.032: require('tokyonight.colors')
014.977  000.051  000.051: require('tokyonight.config')
015.706  000.027  000.027: require('lualine.utils.mode')
016.360  002.734  002.345: require('config.lualine')
016.495  000.065  000.065: require('tokyonight.theme')
016.499  000.089  000.024: require('tokyonight')
018.043  001.145  001.145: sourcing /home/ethansargent/.local/share/nvim/site/pack/packer/start/tokyonight.nvim/colors/tokyonight-night.lua
018.736  002.371  001.137: require('config.tokyonight')
019.005  000.020  000.020: require('plenary.tbl')
019.009  000.047  000.027: require('plenary.vararg.rotate')
019.011  000.066  000.019: require('plenary.vararg')
019.029  000.018  000.018: require('plenary.errors')
019.077  000.047  000.047: require('plenary.functional')
019.081  000.160  000.029: require('plenary.async.async')
019.107  000.025  000.025: require('plenary.async.structs')
019.112  000.239  000.054: require('plenary.async.control')
019.676  000.122  000.122: require('plenary.bit')
019.760  000.037  000.037: require('ffi')
019.791  000.307  000.149: require('plenary.path')
019.800  000.472  000.165: require('plenary.strings')
019.854  000.053  000.053: require('telescope.deprecated')
020.112  000.087  000.087: require('plenary.log')
020.121  000.201  000.114: require('telescope.log')
020.178  000.028  000.028: require('plenary.job')
020.194  000.014  000.014: require('telescope.state')
020.197  000.075  000.033: require('telescope.utils')
020.210  000.355  000.078: require('telescope.sorters')
020.235  000.020  000.020: require('vim.inspect')
021.224  002.045  001.145: require('telescope.config')
021.288  000.023  000.023: require('plenary.window.border')
021.304  000.015  000.015: require('plenary.window')
021.319  000.014  000.014: require('plenary.popup.utils')
021.321  000.094  000.043: require('plenary.popup')
021.339  000.017  000.017: require('telescope.pickers.scroller')
021.355  000.015  000.015: require('telescope.actions.state')
021.380  000.024  000.024: require('telescope.actions.utils')
021.416  000.017  000.017: require('telescope.actions.mt')
021.425  000.044  000.026: require('telescope.actions.set')
021.459  000.018  000.018: require('telescope.config.resolve')
021.461  000.035  000.017: require('telescope.pickers.entry_display')
021.474  000.013  000.013: require('telescope.from_entry')
021.568  002.455  000.168: require('telescope.actions')
021.654  000.064  000.064: require('telescope.make_entry')
021.714  000.017  000.017: require('plenary.async.util')
021.715  000.030  000.014: require('plenary.async.tests')
021.716  000.046  000.016: require('plenary.async')
021.718  000.063  000.016: require('telescope.finders.async_static_finder')
021.813  000.026  000.026: require('plenary.class')
021.820  000.073  000.047: require('telescope._')
021.822  000.103  000.030: require('telescope.finders.async_oneshot_finder')
021.849  000.026  000.026: require('telescope.finders.async_job_finder')
021.852  000.282  000.026: require('telescope.finders')
021.995  000.015  000.015: require('telescope._extensions')
021.997  000.070  000.055: require('telescope')
022.015  000.016  000.016: require('telescope.debounce')
022.050  000.034  000.034: require('telescope.mappings')
022.069  000.018  000.018: require('telescope.pickers.highlights')
022.084  000.014  000.014: require('telescope.pickers.window')
022.116  000.015  000.015: require('telescope.algos.linked_list')
022.118  000.033  000.018: require('telescope.entry_manager')
022.132  000.014  000.014: require('telescope.pickers.multi')
022.139  000.287  000.088: require('telescope.pickers')
022.143  003.311  000.048: require('telescope.builtin.__lsp')
022.153  003.385  000.073: require('telescope.builtin')
022.932  000.060  000.060: require('fzf_lib')
022.936  000.091  000.031: require('telescope._extensions.fzf')
022.940  004.201  000.725: require('config.telescope')
023.034  000.031  000.031: require('mason-core.path')
023.040  000.051  000.020: require('mason.settings')
023.100  000.033  000.033: require('mason-core.functional')
023.137  000.014  000.014: require('mason-core.functional.data')
023.140  000.034  000.020: require('mason-core.functional.function')
023.160  000.014  000.014: require('mason-core.functional.relation')
023.179  000.015  000.015: require('mason-core.functional.logic')
023.188  000.147  000.051: require('mason-core.platform')
023.189  000.213  000.015: require('mason')
023.243  000.022  000.022: require('mason-core.functional.list')
023.255  000.059  000.037: require('mason.api.command')
023.325  000.043  000.043: require('mason-core.log')
023.330  000.075  000.032: require('mason-lspconfig')
023.357  000.025  000.025: require('mason-lspconfig.settings')
023.410  000.024  000.024: require('mason-core.notify')
023.414  000.056  000.032: require('mason-lspconfig.lspconfig_hook')
023.556  000.141  000.141: require('lspconfig.util')
023.648  000.030  000.030: require('mason-core.functional.table')
023.687  000.121  000.091: require('mason-lspconfig.mappings.server')
023.760  000.031  000.031: require('mason-core.async')
023.780  000.018  000.018: require('mason-core.async.uv')
023.786  000.075  000.026: require('mason-core.fs')
023.806  000.019  000.019: require('mason-core.optional')
023.824  000.016  000.016: require('mason-core.EventEmitter')
023.869  000.044  000.044: require('mason-registry.index')
023.876  000.188  000.033: require('mason-registry')
023.893  000.015  000.015: require('mason-lspconfig.server_config_extensions')
023.918  000.024  000.024: require('lspconfig.configs')
023.947  000.020  000.020: require('lspconfig.server_configurations.omnisharp')
024.039  000.016  000.016: require('mason-core.functional.number')
024.051  000.054  000.037: require('mason-lspconfig.api.command')
024.202  000.019  000.019: require('lspconfig')
024.226  000.022  000.022: require('lspconfig.server_configurations.vimls')
024.502  000.026  000.026: require('lspconfig.server_configurations.pyright')
024.732  000.023  000.023: require('lspconfig.server_configurations.jsonls')
024.915  000.021  000.021: require('lspconfig.server_configurations.cmake')
025.130  000.058  000.058: require('lspconfig.server_configurations.eslint')
025.375  000.022  000.022: require('lspconfig.server_configurations.jedi_language_server')
025.581  000.026  000.026: require('lspconfig.server_configurations.html')
025.747  000.022  000.022: require('lspconfig.server_configurations.rust_analyzer')
025.948  000.024  000.024: require('lspconfig.server_configurations.cssls')
026.174  000.027  000.027: require('lspconfig.server_configurations.tailwindcss')
026.427  000.021  000.021: require('lspconfig.server_configurations.tsserver')
026.603  000.024  000.024: require('lspconfig.server_configurations.sumneko_lua')
026.806  000.023  000.023: require('lspconfig.server_configurations.clangd')
027.172  004.208  002.859: require('config.mason')
027.256  000.017  000.017: require('cmp.utils.debug')
027.302  000.028  000.028: require('cmp.utils.char')
027.306  000.048  000.020: require('cmp.utils.str')
027.321  000.014  000.014: require('cmp.utils.pattern')
027.379  000.019  000.019: require('cmp.utils.misc')
027.392  000.012  000.012: require('cmp.utils.buffer')
027.411  000.018  000.018: require('cmp.utils.api')
027.414  000.077  000.027: require('cmp.utils.keymap')
027.416  000.095  000.018: require('cmp.utils.feedkeys')
027.436  000.019  000.019: require('cmp.utils.async')
027.481  000.014  000.014: require('cmp.types.cmp')
027.509  000.027  000.027: require('cmp.types.lsp')
027.521  000.012  000.012: require('cmp.types.vim')
027.522  000.069  000.017: require('cmp.types')
027.536  000.013  000.013: require('cmp.utils.cache')
027.538  000.102  000.020: require('cmp.context')
027.598  000.019  000.019: require('cmp.config.mapping')
027.639  000.022  000.022: require('cmp.config.compare')
027.641  000.041  000.019: require('cmp.config.default')
027.648  000.086  000.026: require('cmp.config')
027.692  000.015  000.015: require('cmp.matcher')
027.696  000.047  000.032: require('cmp.entry')
027.699  000.160  000.026: require('cmp.source')
027.732  000.013  000.013: require('cmp.utils.event')
027.865  000.032  000.032: require('cmp.utils.window')
027.869  000.136  000.104: require('cmp.view.docs_view')
027.931  000.028  000.028: require('cmp.utils.autocmd')
027.936  000.066  000.038: require('cmp.view.custom_entries_view')
027.965  000.028  000.028: require('cmp.view.wildmenu_entries_view')
027.986  000.021  000.021: require('cmp.view.native_entries_view')
028.006  000.019  000.019: require('cmp.view.ghost_text_view')
028.011  000.311  000.027: require('cmp.view')
028.034  000.825  000.060: require('cmp.core')
028.126  000.027  000.027: require('cmp.config.sources')
028.148  000.020  000.020: require('cmp.config.window')
028.191  001.016  000.144: require('cmp')
029.070  000.021  000.021: require('cmp_nvim_lsp.source')
029.074  000.053  000.032: require('cmp_nvim_lsp')
029.771  000.023  000.023: require('lspconfig.server_configurations.apex_ls')
030.223  000.025  000.025: require('lspconfig.server_configurations.gopls')
030.397  007.455  002.129: require('config.cmp')
030.476  000.015  000.015: require('toggleterm.lazy')
030.491  000.013  000.013: require('toggleterm.constants')
030.539  000.047  000.047: require('toggleterm.terminal')
030.543  000.126  000.050: require('toggleterm')
030.580  000.016  000.016: require('toggleterm.colors')
030.598  000.018  000.018: require('toggleterm.utils')
030.602  000.058  000.025: require('toggleterm.config')
030.719  000.027  000.027: require('toggleterm.commandline')
030.760  000.359  000.148: require('config.toggleterm')
030.825  000.018  000.018: require('gitsigns.async')
030.840  000.015  000.015: require('gitsigns.status')
030.891  000.019  000.019: require('gitsigns.debug')
030.911  000.019  000.019: require('gitsigns.util')
030.958  000.014  000.014: require('gitsigns.nvim')
030.973  000.013  000.013: require('gitsigns.nvim.autocmds')
030.977  000.047  000.020: require('gitsigns.uv')
030.978  000.066  000.019: require('gitsigns.subprocess')
031.060  000.014  000.014: require('gitsigns.message')
031.069  000.058  000.044: require('gitsigns.config')
031.084  000.013  000.013: require('gitsigns.signs.base')
031.085  000.087  000.016: require('gitsigns.signs')
031.089  000.110  000.023: require('gitsigns.hunks')
031.094  000.252  000.038: require('gitsigns.git')
031.134  000.015  000.015: require('gitsigns.cache')
031.150  000.015  000.015: require('gitsigns.debounce')
031.164  000.013  000.013: require('gitsigns.diff')
031.169  000.075  000.031: require('gitsigns.manager')
031.191  000.021  000.021: require('gitsigns.highlight')
031.196  000.419  000.039: require('gitsigns')
031.257  000.022  000.022: require('gitsigns.signs.vimfn')
031.310  000.017  000.017: require('gitsigns.nvim.command')
032.037  001.275  000.817: require('config.gitsigns')
032.135  022.210  000.676: sourcing /home/ethansargent/.config/nvim/plugin/packer_compiled.lua
032.332  000.046  000.046: sourcing /usr/local/share/nvim/runtime/plugin/man.lua
032.343  000.910: loading rtp plugins
032.748  000.018  000.018: require('luasnip.util.types')
032.768  000.018  000.018: require('luasnip.util.ext_opts')
032.791  000.022  000.022: require('luasnip.extras.filetype_functions')
032.810  000.018  000.018: require('luasnip.session')
032.894  000.038  000.038: require('luasnip.util.util')
032.917  000.022  000.022: require('luasnip.nodes.util')
032.934  000.016  000.016: require('luasnip.util.events')
032.940  000.107  000.031: require('luasnip.nodes.node')
032.978  000.019  000.019: require('luasnip.util.extend_decorator')
032.982  000.171  000.045: require('luasnip.nodes.insertNode')
033.039  000.020  000.020: require('luasnip.util.mark')
033.111  000.032  000.032: require('luasnip.nodes.textNode')
034.340  001.209  001.209: require('luasnip.util._builtin_vars')
034.456  001.343  000.134: require('luasnip.util.environ')
034.485  000.027  000.027: require('luasnip.util.pattern_tokenizer')
034.502  000.016  000.016: require('luasnip.util.dict')
034.524  000.021  000.021: require('luasnip.session.snippet_collection')
034.563  001.522  000.083: require('luasnip.nodes.snippet')
034.568  001.585  000.043: require('luasnip.nodes.choiceNode')
034.605  000.030  000.030: require('luasnip.nodes.functionNode')
034.636  000.030  000.030: require('luasnip.nodes.dynamicNode')
034.667  000.030  000.030: require('luasnip.nodes.restoreNode')
034.683  000.015  000.015: require('luasnip.nodes.absolute_indexer')
034.705  000.020  000.020: require('luasnip.extras')
034.741  000.016  000.016: require('luasnip.util.str')
034.743  000.037  000.021: require('luasnip.extras.fmt')
034.786  000.015  000.015: require('luasnip.extras.conditions')
034.801  000.014  000.014: require('luasnip.extras.conditions.show')
034.851  000.093  000.065: require('luasnip.extras.conditions.expand')
034.852  000.108  000.015: require('luasnip.extras.expand_conditions')
034.872  000.019  000.019: require('luasnip.extras.postfix')
034.931  000.018  000.018: require('luasnip.util.parser.neovim_ast')
035.149  000.018  000.018: require('luasnip.util.directed_graph')
035.154  000.262  000.226: require('luasnip.util.parser.ast_utils')
035.190  000.016  000.016: require('luasnip.util.functions')
035.192  000.038  000.022: require('luasnip.util.parser.ast_parser')
035.237  000.044  000.044: require('luasnip.util.parser.neovim_parser')
035.242  000.369  000.025: require('luasnip.util.parser')
035.404  002.715  000.225: require('luasnip.config')
035.445  002.831  000.116: sourcing /home/ethansargent/.local/share/nvim/site/pack/packer/start/LuaSnip/plugin/luasnip.vim
035.675  000.018  000.018: require('cmp.utils.highlight')
035.882  000.244  000.226: sourcing /home/ethansargent/.local/share/nvim/site/pack/packer/start/nvim-cmp/plugin/cmp.lua
035.977  000.039  000.039: sourcing /home/ethansargent/.local/share/nvim/site/pack/packer/start/nvim-lspconfig/plugin/lspconfig.lua
036.120  000.021  000.021: require('nvim-treesitter.info')
036.146  000.025  000.025: require('nvim-treesitter.shell_command_selectors')
036.159  000.095  000.049: require('nvim-treesitter.install')
036.175  000.015  000.015: require('nvim-treesitter.statusline')
036.195  000.019  000.019: require('nvim-treesitter.query_predicates')
036.196  000.149  000.021: require('nvim-treesitter')
036.491  000.457  000.308: sourcing /home/ethansargent/.local/share/nvim/site/pack/packer/start/nvim-treesitter/plugin/nvim-treesitter.lua
036.549  000.008  000.008: sourcing /home/ethansargent/.local/share/nvim/site/pack/packer/start/nvim-treesitter-context/plugin/treesitter-context.vim
036.621  000.021  000.021: require('ts_context_commentstring')
036.698  000.103  000.083: sourcing /home/ethansargent/.local/share/nvim/site/pack/packer/start/nvim-ts-context-commentstring/plugin/ts_context_commentstring.vim
036.779  000.027  000.027: sourcing /home/ethansargent/.local/share/nvim/site/pack/packer/start/nvim-web-devicons/plugin/nvim-web-devicons.vim
036.850  000.017  000.017: sourcing /home/ethansargent/.local/share/nvim/site/pack/packer/start/plenary.nvim/plugin/plenary.vim
037.068  000.154  000.154: sourcing /home/ethansargent/.local/share/nvim/site/pack/packer/start/telescope.nvim/plugin/telescope.lua
037.162  000.034  000.034: sourcing /home/ethansargent/.local/share/nvim/site/pack/packer/start/trouble.nvim/plugin/trouble.vim
037.789  000.583  000.583: sourcing /home/ethansargent/.local/share/nvim/site/pack/packer/start/vim-fugitive/plugin/fugitive.vim
037.973  000.109  000.109: sourcing /home/ethansargent/.local/share/nvim/site/pack/packer/start/vim-vinegar/plugin/vinegar.vim
038.046  001.096: loading packages
038.263  000.015  000.015: require('cmp_buffer.timer')
038.267  000.038  000.023: require('cmp_buffer.buffer')
038.268  000.058  000.020: require('cmp_buffer.source')
038.269  000.081  000.023: require('cmp_buffer')
038.283  000.108  000.027: sourcing /home/ethansargent/.local/share/nvim/site/pack/packer/start/cmp-buffer/after/plugin/cmp_buffer.lua
038.388  000.044  000.044: require('cmp_cmdline')
038.398  000.084  000.040: sourcing /home/ethansargent/.local/share/nvim/site/pack/packer/start/cmp-cmdline/after/plugin/cmp_cmdline.lua
038.453  000.020  000.020: sourcing /home/ethansargent/.local/share/nvim/site/pack/packer/start/cmp-nvim-lsp/after/plugin/cmp_nvim_lsp.lua
038.518  000.030  000.030: require('cmp_path')
038.527  000.047  000.017: sourcing /home/ethansargent/.local/share/nvim/site/pack/packer/start/cmp-path/after/plugin/cmp_path.lua
038.604  000.026  000.026: require('cmp_luasnip')
038.625  000.070  000.044: sourcing /home/ethansargent/.local/share/nvim/site/pack/packer/start/cmp_luasnip/after/plugin/cmp_luasnip.lua
038.640  000.264: loading after plugins
038.649  000.009: inits 3
039.972  001.323: reading ShaDa
040.105  000.019  000.019: require('luasnip.loaders._caches')
040.137  000.029  000.029: require('luasnip.util.path')
040.162  000.024  000.024: require('luasnip.loaders.util')
040.220  000.024  000.024: require('luasnip.loaders')
040.230  000.067  000.043: require('luasnip')
040.232  000.174  000.035: require('luasnip.loaders.from_lua')
040.305  000.022  000.022: require('luasnip.nodes.snippetProxy')
040.308  000.050  000.028: require('luasnip.loaders.from_snipmate')
040.349  000.023  000.023: require('luasnip.loaders.from_vscode')
040.368  000.149: opening buffers
040.413  000.045: BufEnter autocommands
040.415  000.002: editing files in windows
042.347  000.026  000.026: require('nvim-treesitter.locals')
042.351  000.058  000.032: require('nvim-treesitter.incremental_selection')
042.612  000.025  000.025: require('nvim-treesitter.indent')
042.664  000.021  000.021: require('nvim-treesitter.highlight')
042.781  000.018  000.018: require('ts_context_commentstring.utils')
042.797  000.060  000.042: require('ts_context_commentstring.internal')
043.322  000.024  000.024: require('gitsigns.nvim.highlights')
043.457  002.854: VimEnter autocommands
043.459  000.002: UIEnter autocommands
043.460  000.001: before starting main loop
044.453  000.994: first screen update
044.457  000.003: --- NVIM STARTED ---
